  [1m[35m (8.5ms)[0m  [1m[35mCREATE TABLE "schema_migrations" ("version" varchar NOT NULL PRIMARY KEY)[0m
  [1m[35m (4.7ms)[0m  [1m[35mCREATE TABLE "ar_internal_metadata" ("key" varchar NOT NULL PRIMARY KEY, "value" varchar, "created_at" datetime(6) NOT NULL, "updated_at" datetime(6) NOT NULL)[0m
  [1m[36mActiveRecord::SchemaMigration Pluck (0.2ms)[0m  [1m[34mSELECT "schema_migrations"."version" FROM "schema_migrations" ORDER BY "schema_migrations"."version" ASC[0m
Migrating to CreateClients (20230730220718)
  [1m[36mTRANSACTION (0.1ms)[0m  [1m[36mbegin transaction[0m
  [1m[35m (0.5ms)[0m  [1m[35mCREATE TABLE "clients" ("id" integer PRIMARY KEY AUTOINCREMENT NOT NULL, "email" varchar, "password" varchar, "created_at" datetime(6) NOT NULL, "updated_at" datetime(6) NOT NULL)[0m
  [1m[36mActiveRecord::SchemaMigration Create (0.6ms)[0m  [1m[32mINSERT INTO "schema_migrations" ("version") VALUES (?)[0m  [["version", "20230730220718"]]
  [1m[36mTRANSACTION (11.1ms)[0m  [1m[36mcommit transaction[0m
  [1m[36mActiveRecord::InternalMetadata Load (0.2ms)[0m  [1m[34mSELECT "ar_internal_metadata".* FROM "ar_internal_metadata" WHERE "ar_internal_metadata"."key" = ? LIMIT ?[0m  [["key", "environment"], ["LIMIT", 1]]
  [1m[36mTRANSACTION (0.1ms)[0m  [1m[36mbegin transaction[0m
  [1m[36mActiveRecord::InternalMetadata Create (0.3ms)[0m  [1m[32mINSERT INTO "ar_internal_metadata" ("key", "value", "created_at", "updated_at") VALUES (?, ?, ?, ?)[0m  [["key", "environment"], ["value", "development"], ["created_at", "2023-07-30 22:08:43.692035"], ["updated_at", "2023-07-30 22:08:43.692035"]]
  [1m[36mTRANSACTION (11.0ms)[0m  [1m[36mcommit transaction[0m
  [1m[36mActiveRecord::SchemaMigration Pluck (0.2ms)[0m  [1m[34mSELECT "schema_migrations"."version" FROM "schema_migrations" ORDER BY "schema_migrations"."version" ASC[0m
  [1m[36mActiveRecord::SchemaMigration Pluck (0.1ms)[0m  [1m[34mSELECT "schema_migrations"."version" FROM "schema_migrations" ORDER BY "schema_migrations"."version" ASC[0m
Migrating to ChangePasswordToPasswordDigest (20230730231112)
  [1m[36mTRANSACTION (0.1ms)[0m  [1m[36mbegin transaction[0m
  [1m[35m (0.1ms)[0m  [1m[35mPRAGMA foreign_keys[0m
  [1m[35m (0.1ms)[0m  [1m[35mPRAGMA defer_foreign_keys[0m
  [1m[35m (0.1ms)[0m  [1m[35mPRAGMA defer_foreign_keys = ON[0m
  [1m[35m (0.1ms)[0m  [1m[35mPRAGMA foreign_keys = OFF[0m
  [1m[35m (0.2ms)[0m  [1m[35mCREATE TEMPORARY TABLE "aclients" ("id" integer NOT NULL PRIMARY KEY, "email" varchar DEFAULT NULL, "password_digest" varchar DEFAULT NULL, "created_at" datetime(6) NOT NULL, "updated_at" datetime(6) NOT NULL)[0m
  [1m[35m (0.3ms)[0m  [1m[32mINSERT INTO "aclients" ("id","email","password_digest","created_at","updated_at")
                     SELECT "id","email","password","created_at","updated_at" FROM "clients"[0m
  [1m[35m (0.5ms)[0m  [1m[35mDROP TABLE "clients"[0m
  [1m[35m (0.2ms)[0m  [1m[35mCREATE TABLE "clients" ("id" integer NOT NULL PRIMARY KEY, "email" varchar DEFAULT NULL, "password_digest" varchar DEFAULT NULL, "created_at" datetime(6) NOT NULL, "updated_at" datetime(6) NOT NULL)[0m
  [1m[35m (0.1ms)[0m  [1m[32mINSERT INTO "clients" ("id","email","password_digest","created_at","updated_at")
                     SELECT "id","email","password_digest","created_at","updated_at" FROM "aclients"[0m
  [1m[35m (0.2ms)[0m  [1m[35mDROP TABLE "aclients"[0m
  [1m[35m (0.1ms)[0m  [1m[35mPRAGMA defer_foreign_keys = 0[0m
  [1m[35m (0.1ms)[0m  [1m[35mPRAGMA foreign_keys = 1[0m
  [1m[36mActiveRecord::SchemaMigration Create (0.3ms)[0m  [1m[32mINSERT INTO "schema_migrations" ("version") VALUES (?)[0m  [["version", "20230730231112"]]
  [1m[36mTRANSACTION (12.1ms)[0m  [1m[36mcommit transaction[0m
  [1m[36mActiveRecord::InternalMetadata Load (0.2ms)[0m  [1m[34mSELECT "ar_internal_metadata".* FROM "ar_internal_metadata" WHERE "ar_internal_metadata"."key" = ? LIMIT ?[0m  [["key", "environment"], ["LIMIT", 1]]
  [1m[36mActiveRecord::SchemaMigration Pluck (0.1ms)[0m  [1m[34mSELECT "schema_migrations"."version" FROM "schema_migrations" ORDER BY "schema_migrations"."version" ASC[0m
  [1m[36mClient Load (4.6ms)[0m  [1m[34mSELECT "clients".* FROM "clients"[0m
  [1m[36mTRANSACTION (0.1ms)[0m  [1m[36mbegin transaction[0m
  [1m[36mClient Exists? (0.2ms)[0m  [1m[34mSELECT 1 AS one FROM "clients" WHERE "clients"."email" = ? LIMIT ?[0m  [["email", "test@example.com"], ["LIMIT", 1]]
  [1m[36mClient Create (0.3ms)[0m  [1m[32mINSERT INTO "clients" ("email", "password_digest", "created_at", "updated_at") VALUES (?, ?, ?, ?)[0m  [["email", "test@example.com"], ["password_digest", "[FILTERED]"], ["created_at", "2023-07-31 00:11:48.631780"], ["updated_at", "2023-07-31 00:11:48.631780"]]
  [1m[36mTRANSACTION (4.5ms)[0m  [1m[36mcommit transaction[0m
  [1m[36mClient Load (0.2ms)[0m  [1m[34mSELECT "clients".* FROM "clients"[0m
  [1m[36mTRANSACTION (0.1ms)[0m  [1m[36mbegin transaction[0m
  [1m[36mClient Exists? (2.4ms)[0m  [1m[34mSELECT 1 AS one FROM "clients" WHERE "clients"."email" = ? LIMIT ?[0m  [["email", "test@exampe.com"], ["LIMIT", 1]]
  [1m[36mClient Create (0.7ms)[0m  [1m[32mINSERT INTO "clients" ("email", "password_digest", "created_at", "updated_at") VALUES (?, ?, ?, ?)[0m  [["email", "test@exampe.com"], ["password_digest", "[FILTERED]"], ["created_at", "2023-07-31 05:59:51.266030"], ["updated_at", "2023-07-31 05:59:51.266030"]]
  [1m[36mTRANSACTION (10.4ms)[0m  [1m[36mcommit transaction[0m
  [1m[36mClient Load (0.3ms)[0m  [1m[34mSELECT "clients".* FROM "clients"[0m
  [1m[36mClient Load (0.2ms)[0m  [1m[34mSELECT "clients".* FROM "clients"[0m
Started GET "/" for 127.0.0.1 at 2023-07-31 09:15:13 +0300
  [1m[36mActiveRecord::SchemaMigration Pluck (0.5ms)[0m  [1m[34mSELECT "schema_migrations"."version" FROM "schema_migrations" ORDER BY "schema_migrations"."version" ASC[0m
Processing by Rails::WelcomeController#index as HTML
  Rendering /home/user/.rvm/gems/ruby-2.7.2/gems/railties-7.0.6/lib/rails/templates/rails/welcome/index.html.erb
  Rendered /home/user/.rvm/gems/ruby-2.7.2/gems/railties-7.0.6/lib/rails/templates/rails/welcome/index.html.erb (Duration: 5.0ms | Allocations: 766)
Completed 200 OK in 45ms (Views: 21.6ms | ActiveRecord: 0.0ms | Allocations: 9164)


Started GET "/clients" for 127.0.0.1 at 2023-07-31 09:15:21 +0300
  
ActionController::RoutingError (No route matches [GET] "/clients"):
  
Started GET "/Clients" for 127.0.0.1 at 2023-07-31 09:15:35 +0300
  
ActionController::RoutingError (No route matches [GET] "/Clients"):
  
Started GET "/Clients" for 127.0.0.1 at 2023-07-31 09:15:39 +0300
  
ActionController::RoutingError (No route matches [GET] "/Clients"):
  
Started GET "/Clients" for 127.0.0.1 at 2023-07-31 09:17:36 +0300
  
ActionController::RoutingError (No route matches [GET] "/Clients"):
  
Started GET "/Clients" for 127.0.0.1 at 2023-07-31 09:17:38 +0300
  
ActionController::RoutingError (No route matches [GET] "/Clients"):
  
Started GET "/Clients" for 127.0.0.1 at 2023-07-31 09:17:39 +0300
  
ActionController::RoutingError (No route matches [GET] "/Clients"):
  
Started GET "/Clients" for 127.0.0.1 at 2023-07-31 09:17:43 +0300
  
ActionController::RoutingError (No route matches [GET] "/Clients"):
  
Started GET "/Clients" for 127.0.0.1 at 2023-07-31 09:18:06 +0300
  
ActionController::RoutingError (No route matches [GET] "/Clients"):
  
Started GET "/" for 127.0.0.1 at 2023-07-31 09:22:01 +0300
  [1m[36mActiveRecord::SchemaMigration Pluck (0.2ms)[0m  [1m[34mSELECT "schema_migrations"."version" FROM "schema_migrations" ORDER BY "schema_migrations"."version" ASC[0m
Processing by Rails::WelcomeController#index as HTML
  Rendering /home/user/.rvm/gems/ruby-2.7.2/gems/railties-7.0.6/lib/rails/templates/rails/welcome/index.html.erb
  Rendered /home/user/.rvm/gems/ruby-2.7.2/gems/railties-7.0.6/lib/rails/templates/rails/welcome/index.html.erb (Duration: 3.9ms | Allocations: 660)
Completed 200 OK in 24ms (Views: 10.0ms | ActiveRecord: 0.0ms | Allocations: 6652)


Started GET "/clients" for 127.0.0.1 at 2023-07-31 09:22:13 +0300
  
ActionController::RoutingError (No route matches [GET] "/clients"):
  
Started GET "/Client" for 127.0.0.1 at 2023-07-31 09:22:27 +0300
  
ActionController::RoutingError (No route matches [GET] "/Client"):
  
  [1m[36mClient Load (1.1ms)[0m  [1m[34mSELECT "clients".* FROM "clients"[0m
